[32m17:38:08.12[0m [34mINFO[0m [1mПолучаю новые концерты[0m
[32m33.12 17:39:51.30[0m [34mINFO[0m [1mПолучаю новые концерты[0m
[32m19.12 17:40:19.81[0m [34mINFO[0m [1mПолучаю новые концерты[0m
[32m19.12 17:43:15.62[0m [34mINFO[0m [1mBot запущен[0m
[32m19.12 17:43:15.62[0m [34mINFO[0m [1mПолучаю новые концерты[0m
[32m19.12 17:43:16.13[0m [34mINFO[0m [1mНовых концертов не найдено[0m
[32m19.12 17:44:16.14[0m [34mINFO[0m [1mПолучаю новые концерты[0m
[32m19.12 17:44:16.77[0m [34mINFO[0m [1mНайден новый коценрт![0m
[32m19.12 17:44:16.77[0m [34mINFO[0m [1m['20.12', 'пятница', '18:30', 'комедия | 12+', 'А. Грибоедов', 'Горе от ума', 'https://grdtrm.ru/goreotuma'][0m
[32m19.12 17:44:16.77[0m [34mINFO[0m [1mНовых концертов не найдено[0m
[32m19.12 17:45:17.01[0m [34mINFO[0m [1mПолучаю новые концерты[0m
[32m19.12 17:45:17.55[0m [34mINFO[0m [1mНовых концертов не найдено[0m
[32m19.12 17:46:17.56[0m [34mINFO[0m [1mПолучаю новые концерты[0m
[32m19.12 17:46:18.15[0m [34mINFO[0m [1mНовых концертов не найдено[0m
[32m19.12 17:47:18.15[0m [34mINFO[0m [1mПолучаю новые концерты[0m
[32m19.12 17:47:18.83[0m [34mINFO[0m [1mНайден новый коценрт![0m
[32m19.12 17:47:18.83[0m [34mINFO[0m [1m['20.12', 'пятница', '18:30', 'комедия | 12+', 'А. Грибоедов', 'Горе от ума', 'https://grdtrm.ru/goreotuma'][0m
[32m19.12 17:47:18.83[0m [34mINFO[0m [1mНовых концертов не найдено[0m
[32m19.12 17:48:19.18[0m [34mINFO[0m [1mПолучаю новые концерты[0m
[32m19.12 17:48:19.75[0m [34mINFO[0m [1mНовых концертов не найдено[0m
[32m19.12 17:49:19.77[0m [34mINFO[0m [1mПолучаю новые концерты[0m
[32m19.12 17:49:20.30[0m [34mINFO[0m [1mНайден новый коценрт![0m
[32m19.12 17:49:20.30[0m [34mINFO[0m [1m['20.12', 'пятница', '18:30', 'комедия | 12+', 'А. Грибоедов', 'Горе от ума', 'https://grdtrm.ru/goreotuma'][0m
[32m19.12 17:49:20.30[0m [34mINFO[0m [1mНайден новый коценрт![0m
[32m19.12 17:49:20.30[0m [34mINFO[0m [1m['21.12', 'суббота', '17:00', 'фантасмагория | 16+', 'М. Булгаков', 'Мастер и Маргарита', 'https://grdtrm.ru/master'][0m
[32m19.12 17:49:20.30[0m [34mINFO[0m [1mНайден новый коценрт![0m
[32m19.12 17:49:20.30[0m [34mINFO[0m [1m['22.12', 'воскресенье', '12:00', 'мюзикл | 6+', 'Е. Муравьёв, Е. Шашин', 'ЗОЛОТАЯ АНТИЛОПА', 'https://grdtrm.ru/antilopa'][0m
[32m19.12 17:49:20.30[0m [34mINFO[0m [1mНовых концертов не найдено[0m
[32m19.12 17:50:21.37[0m [34mINFO[0m [1mПолучаю новые концерты[0m
[32m19.12 17:50:22.85[0m [34mINFO[0m [1mНовых концертов не найдено[0m
[32m19.12 17:51:22.85[0m [34mINFO[0m [1mПолучаю новые концерты[0m
[32m19.12 17:51:23.56[0m [34mINFO[0m [1mНовых концертов не найдено[0m
[32m19.12 17:52:23.56[0m [34mINFO[0m [1mПолучаю новые концерты[0m
[32m19.12 17:52:25.08[0m [34mINFO[0m [1mНовых концертов не найдено[0m
[32m19.12 17:53:25.10[0m [34mINFO[0m [1mПолучаю новые концерты[0m
[32m19.12 17:53:25.66[0m [34mINFO[0m [1mНовых концертов не найдено[0m
[32m19.12 17:54:25.67[0m [34mINFO[0m [1mПолучаю новые концерты[0m
[32m19.12 17:54:26.30[0m [34mINFO[0m [1mНовых концертов не найдено[0m
[32m19.12 17:55:26.32[0m [34mINFO[0m [1mПолучаю новые концерты[0m
[32m19.12 17:55:26.88[0m [34mINFO[0m [1mНовых концертов не найдено[0m
[32m19.12 17:56:26.88[0m [34mINFO[0m [1mПолучаю новые концерты[0m
[32m19.12 17:56:27.40[0m [34mINFO[0m [1mНовых концертов не найдено[0m
[32m19.12 17:57:27.41[0m [34mINFO[0m [1mПолучаю новые концерты[0m
[32m19.12 17:57:28.31[0m [34mINFO[0m [1mНовых концертов не найдено[0m
[32m19.12 17:58:28.31[0m [34mINFO[0m [1mПолучаю новые концерты[0m
[32m19.12 17:58:28.96[0m [34mINFO[0m [1mНовых концертов не найдено[0m
[32m19.12 17:59:28.98[0m [34mINFO[0m [1mПолучаю новые концерты[0m
[32m19.12 17:59:29.55[0m [34mINFO[0m [1mНовых концертов не найдено[0m
[32m19.12 18:00:29.56[0m [34mINFO[0m [1mПолучаю новые концерты[0m
[32m19.12 18:00:30.10[0m [34mINFO[0m [1mНовых концертов не найдено[0m
[32m19.12 18:01:30.10[0m [34mINFO[0m [1mПолучаю новые концерты[0m
[32m19.12 18:01:30.69[0m [34mINFO[0m [1mНовых концертов не найдено[0m
[32m19.12 18:02:30.71[0m [34mINFO[0m [1mПолучаю новые концерты[0m
[32m19.12 18:02:31.99[0m [34mINFO[0m [1mНовых концертов не найдено[0m
[32m19.12 18:03:32.00[0m [34mINFO[0m [1mПолучаю новые концерты[0m
[32m19.12 18:03:32.76[0m [34mINFO[0m [1mНовых концертов не найдено[0m
[32m19.12 18:04:32.77[0m [34mINFO[0m [1mПолучаю новые концерты[0m
[32m19.12 18:04:33.27[0m [34mINFO[0m [1mНовых концертов не найдено[0m
[32m19.12 18:05:33.28[0m [34mINFO[0m [1mПолучаю новые концерты[0m
[32m19.12 18:05:33.92[0m [34mINFO[0m [1mНовых концертов не найдено[0m
[32m19.12 18:06:33.93[0m [34mINFO[0m [1mПолучаю новые концерты[0m
[32m19.12 18:06:34.46[0m [34mINFO[0m [1mНовых концертов не найдено[0m
[32m19.12 18:07:34.47[0m [34mINFO[0m [1mПолучаю новые концерты[0m
[32m19.12 18:07:35.04[0m [34mINFO[0m [1mНовых концертов не найдено[0m
[32m19.12 18:08:35.05[0m [34mINFO[0m [1mПолучаю новые концерты[0m
[32m19.12 18:08:35.75[0m [34mINFO[0m [1mНовых концертов не найдено[0m
[32m19.12 18:09:35.74[0m [34mINFO[0m [1mПолучаю новые концерты[0m
[32m19.12 18:09:36.39[0m [34mINFO[0m [1mНовых концертов не найдено[0m
[32m19.12 18:10:36.41[0m [34mINFO[0m [1mПолучаю новые концерты[0m
[32m19.12 18:10:36.97[0m [34mINFO[0m [1mНовых концертов не найдено[0m
[32m19.12 18:11:36.98[0m [34mINFO[0m [1mПолучаю новые концерты[0m
[32m19.12 18:11:37.49[0m [34mINFO[0m [1mНовых концертов не найдено[0m
[32m19.12 18:12:37.50[0m [34mINFO[0m [1mПолучаю новые концерты[0m
[32m19.12 18:12:38.16[0m [34mINFO[0m [1mНовых концертов не найдено[0m
[32m19.12 18:13:38.16[0m [34mINFO[0m [1mПолучаю новые концерты[0m
[32m19.12 18:13:38.72[0m [34mINFO[0m [1mНовых концертов не найдено[0m
[32m19.12 18:14:38.73[0m [34mINFO[0m [1mПолучаю новые концерты[0m
[32m19.12 18:14:39.42[0m [34mINFO[0m [1mНовых концертов не найдено[0m
[32m19.12 18:15:39.42[0m [34mINFO[0m [1mПолучаю новые концерты[0m
[32m19.12 18:15:40.06[0m [34mINFO[0m [1mНовых концертов не найдено[0m
[32m19.12 18:16:40.09[0m [34mINFO[0m [1mПолучаю новые концерты[0m
[32m19.12 18:16:40.74[0m [34mINFO[0m [1mНовых концертов не найдено[0m
[32m19.12 18:17:40.75[0m [34mINFO[0m [1mПолучаю новые концерты[0m
[32m19.12 18:17:41.27[0m [34mINFO[0m [1mНовых концертов не найдено[0m
[32m19.12 18:18:41.28[0m [34mINFO[0m [1mПолучаю новые концерты[0m
[32m19.12 18:18:41.79[0m [34mINFO[0m [1mНовых концертов не найдено[0m
[32m19.12 18:19:41.80[0m [34mINFO[0m [1mПолучаю новые концерты[0m
[32m19.12 18:19:42.34[0m [34mINFO[0m [1mНовых концертов не найдено[0m
[32m19.12 18:20:42.35[0m [34mINFO[0m [1mПолучаю новые концерты[0m
[32m19.12 18:20:43.03[0m [34mINFO[0m [1mНовых концертов не найдено[0m
[32m19.12 18:21:43.04[0m [34mINFO[0m [1mПолучаю новые концерты[0m
[32m19.12 18:21:43.55[0m [34mINFO[0m [1mНовых концертов не найдено[0m
[32m19.12 18:22:43.55[0m [34mINFO[0m [1mПолучаю новые концерты[0m
[32m19.12 18:22:44.10[0m [34mINFO[0m [1mНовых концертов не найдено[0m
[32m19.12 18:23:44.10[0m [34mINFO[0m [1mПолучаю новые концерты[0m
[32m19.12 18:23:44.81[0m [34mINFO[0m [1mНовых концертов не найдено[0m
[32m19.12 18:24:44.81[0m [34mINFO[0m [1mПолучаю новые концерты[0m
[32m19.12 18:24:45.38[0m [34mINFO[0m [1mНовых концертов не найдено[0m
[32m19.12 18:25:45.39[0m [34mINFO[0m [1mПолучаю новые концерты[0m
[32m19.12 18:25:45.94[0m [34mINFO[0m [1mНовых концертов не найдено[0m
[32m19.12 18:26:45.95[0m [34mINFO[0m [1mПолучаю новые концерты[0m
[32m19.12 18:26:46.45[0m [34mINFO[0m [1mНовых концертов не найдено[0m
[32m19.12 18:27:46.47[0m [34mINFO[0m [1mПолучаю новые концерты[0m
[32m19.12 18:27:47.18[0m [34mINFO[0m [1mНовых концертов не найдено[0m
[32m19.12 18:28:47.20[0m [34mINFO[0m [1mПолучаю новые концерты[0m
[32m19.12 18:28:48.15[0m [34mINFO[0m [1mНовых концертов не найдено[0m
[32m19.12 18:29:48.15[0m [34mINFO[0m [1mПолучаю новые концерты[0m
[32m19.12 18:29:48.72[0m [34mINFO[0m [1mНовых концертов не найдено[0m
[32m19.12 18:30:48.73[0m [34mINFO[0m [1mПолучаю новые концерты[0m
[32m19.12 18:30:49.43[0m [34mINFO[0m [1mНовых концертов не найдено[0m
[32m19.12 18:31:49.44[0m [34mINFO[0m [1mПолучаю новые концерты[0m
[32m19.12 18:31:50.04[0m [34mINFO[0m [1mНовых концертов не найдено[0m
[32m19.12 18:32:50.03[0m [34mINFO[0m [1mПолучаю новые концерты[0m
[32m19.12 18:32:50.70[0m [34mINFO[0m [1mНовых концертов не найдено[0m
[32m19.12 18:33:50.70[0m [34mINFO[0m [1mПолучаю новые концерты[0m
[32m19.12 18:33:51.25[0m [34mINFO[0m [1mНовых концертов не найдено[0m
[32m19.12 18:34:51.26[0m [34mINFO[0m [1mПолучаю новые концерты[0m
[32m19.12 18:34:51.89[0m [34mINFO[0m [1mНовых концертов не найдено[0m
[32m19.12 18:35:51.90[0m [34mINFO[0m [1mПолучаю новые концерты[0m
[32m19.12 18:35:52.42[0m [34mINFO[0m [1mНовых концертов не найдено[0m
[32m19.12 18:36:52.44[0m [34mINFO[0m [1mПолучаю новые концерты[0m
[32m19.12 18:36:53.09[0m [34mINFO[0m [1mНовых концертов не найдено[0m
[32m19.12 18:37:53.10[0m [34mINFO[0m [1mПолучаю новые концерты[0m
[32m19.12 18:37:53.75[0m [34mINFO[0m [1mНовых концертов не найдено[0m
[32m19.12 18:38:53.76[0m [34mINFO[0m [1mПолучаю новые концерты[0m
[32m19.12 18:38:54.40[0m [34mINFO[0m [1mНовых концертов не найдено[0m
[32m19.12 18:39:54.41[0m [34mINFO[0m [1mПолучаю новые концерты[0m
[32m19.12 18:39:54.96[0m [34mINFO[0m [1mНовых концертов не найдено[0m
[32m19.12 18:40:54.96[0m [34mINFO[0m [1mПолучаю новые концерты[0m
[32m19.12 18:40:55.49[0m [34mINFO[0m [1mНовых концертов не найдено[0m
[32m19.12 18:41:55.50[0m [34mINFO[0m [1mПолучаю новые концерты[0m
[32m19.12 18:41:56.06[0m [34mINFO[0m [1mНовых концертов не найдено[0m
[32m19.12 18:42:56.08[0m [34mINFO[0m [1mПолучаю новые концерты[0m
[32m19.12 18:42:56.73[0m [34mINFO[0m [1mНовых концертов не найдено[0m
[32m19.12 18:43:56.74[0m [34mINFO[0m [1mПолучаю новые концерты[0m
[32m19.12 18:43:57.30[0m [34mINFO[0m [1mНовых концертов не найдено[0m
[32m19.12 18:44:57.31[0m [34mINFO[0m [1mПолучаю новые концерты[0m
[32m19.12 18:44:58.18[0m [34mINFO[0m [1mНовых концертов не найдено[0m
[32m19.12 18:45:58.18[0m [34mINFO[0m [1mПолучаю новые концерты[0m
[32m19.12 18:45:58.81[0m [34mINFO[0m [1mНовых концертов не найдено[0m
[32m19.12 18:46:58.81[0m [34mINFO[0m [1mПолучаю новые концерты[0m
[32m19.12 18:46:59.35[0m [34mINFO[0m [1mНовых концертов не найдено[0m
[32m19.12 18:47:59.36[0m [34mINFO[0m [1mПолучаю новые концерты[0m
[32m19.12 18:47:59.90[0m [34mINFO[0m [1mНовых концертов не найдено[0m
[32m19.12 18:48:59.91[0m [34mINFO[0m [1mПолучаю новые концерты[0m
[32m19.12 18:49:00.47[0m [34mINFO[0m [1mНовых концертов не найдено[0m
[32m19.12 18:50:00.48[0m [34mINFO[0m [1mПолучаю новые концерты[0m
[32m19.12 18:50:01.12[0m [34mINFO[0m [1mНовых концертов не найдено[0m
[32m19.12 18:51:01.11[0m [34mINFO[0m [1mПолучаю новые концерты[0m
[32m19.12 18:51:01.89[0m [34mINFO[0m [1mНовых концертов не найдено[0m
[32m19.12 18:52:01.91[0m [34mINFO[0m [1mПолучаю новые концерты[0m
[32m19.12 18:52:02.48[0m [34mINFO[0m [1mНовых концертов не найдено[0m
[32m19.12 18:53:02.48[0m [34mINFO[0m [1mПолучаю новые концерты[0m
[32m19.12 18:53:03.13[0m [34mINFO[0m [1mНовых концертов не найдено[0m
[32m19.12 18:54:03.13[0m [34mINFO[0m [1mПолучаю новые концерты[0m
[32m19.12 18:54:03.64[0m [34mINFO[0m [1mНовых концертов не найдено[0m
[32m19.12 18:55:03.66[0m [34mINFO[0m [1mПолучаю новые концерты[0m
[32m19.12 18:55:04.21[0m [34mINFO[0m [1mНовых концертов не найдено[0m
[32m19.12 18:56:04.22[0m [34mINFO[0m [1mПолучаю новые концерты[0m
[32m19.12 18:56:04.79[0m [34mINFO[0m [1mНовых концертов не найдено[0m
[32m19.12 18:57:04.80[0m [34mINFO[0m [1mПолучаю новые концерты[0m
[32m19.12 18:57:05.40[0m [34mINFO[0m [1mНовых концертов не найдено[0m
[32m19.12 18:58:05.40[0m [34mINFO[0m [1mПолучаю новые концерты[0m
[32m19.12 18:58:06.08[0m [34mINFO[0m [1mНовых концертов не найдено[0m
[32m19.12 18:59:06.10[0m [34mINFO[0m [1mПолучаю новые концерты[0m
[32m19.12 18:59:06.89[0m [34mINFO[0m [1mНовых концертов не найдено[0m
[32m19.12 19:00:06.91[0m [34mINFO[0m [1mПолучаю новые концерты[0m
[32m19.12 19:00:07.49[0m [34mINFO[0m [1mНовых концертов не найдено[0m
[32m19.12 19:01:07.51[0m [34mINFO[0m [1mПолучаю новые концерты[0m
[32m19.12 19:01:08.23[0m [34mINFO[0m [1mНовых концертов не найдено[0m
[32m19.12 19:02:08.24[0m [34mINFO[0m [1mПолучаю новые концерты[0m
[32m19.12 19:02:09.59[0m [34mINFO[0m [1mНовых концертов не найдено[0m
[32m19.12 19:03:09.61[0m [34mINFO[0m [1mПолучаю новые концерты[0m
[32m19.12 19:03:10.10[0m [34mINFO[0m [1mНовых концертов не найдено[0m
[32m19.12 19:04:10.12[0m [34mINFO[0m [1mПолучаю новые концерты[0m
[32m19.12 19:04:10.80[0m [34mINFO[0m [1mНовых концертов не найдено[0m
[32m19.12 19:05:10.82[0m [34mINFO[0m [1mПолучаю новые концерты[0m
[32m19.12 19:05:11.33[0m [34mINFO[0m [1mНовых концертов не найдено[0m
[32m19.12 19:06:11.32[0m [34mINFO[0m [1mПолучаю новые концерты[0m
[32m19.12 19:06:11.91[0m [34mINFO[0m [1mНовых концертов не найдено[0m
[32m19.12 19:07:11.92[0m [34mINFO[0m [1mПолучаю новые концерты[0m
[32m19.12 19:07:12.45[0m [34mINFO[0m [1mНовых концертов не найдено[0m
[32m19.12 19:08:12.46[0m [34mINFO[0m [1mПолучаю новые концерты[0m
[32m19.12 19:08:13.38[0m [34mINFO[0m [1mНовых концертов не найдено[0m
[32m19.12 19:09:13.39[0m [34mINFO[0m [1mПолучаю новые концерты[0m
[32m19.12 19:09:13.93[0m [34mINFO[0m [1mНовых концертов не найдено[0m
[32m19.12 19:10:13.92[0m [34mINFO[0m [1mПолучаю новые концерты[0m
[32m19.12 19:10:14.48[0m [34mINFO[0m [1mНовых концертов не найдено[0m
[32m19.12 19:11:14.48[0m [34mINFO[0m [1mПолучаю новые концерты[0m
[32m19.12 19:11:15.03[0m [34mINFO[0m [1mНовых концертов не найдено[0m
[32m19.12 19:12:15.05[0m [34mINFO[0m [1mПолучаю новые концерты[0m
[32m19.12 19:12:15.75[0m [34mINFO[0m [1mНовых концертов не найдено[0m
[32m19.12 19:13:15.77[0m [34mINFO[0m [1mПолучаю новые концерты[0m
[32m19.12 19:13:16.34[0m [34mINFO[0m [1mНовых концертов не найдено[0m
[32m19.12 19:14:16.36[0m [34mINFO[0m [1mПолучаю новые концерты[0m
[32m19.12 19:14:16.93[0m [34mINFO[0m [1mНовых концертов не найдено[0m
[32m19.12 19:15:16.94[0m [34mINFO[0m [1mПолучаю новые концерты[0m
[32m19.12 19:15:17.73[0m [34mINFO[0m [1mНовых концертов не найдено[0m
[32m19.12 19:16:17.72[0m [34mINFO[0m [1mПолучаю новые концерты[0m
[32m19.12 19:16:18.44[0m [34mINFO[0m [1mНовых концертов не найдено[0m
[32m19.12 19:17:18.45[0m [34mINFO[0m [1mПолучаю новые концерты[0m
[32m19.12 19:17:19.01[0m [34mINFO[0m [1mНовых концертов не найдено[0m
[32m19.12 19:18:19.01[0m [34mINFO[0m [1mПолучаю новые концерты[0m
[32m19.12 19:18:19.58[0m [34mINFO[0m [1mНовых концертов не найдено[0m
[32m19.12 19:19:19.60[0m [34mINFO[0m [1mПолучаю новые концерты[0m
[32m19.12 19:19:20.23[0m [34mINFO[0m [1mНовых концертов не найдено[0m
[32m19.12 19:20:20.23[0m [34mINFO[0m [1mПолучаю новые концерты[0m
[32m19.12 19:20:21.56[0m [34mINFO[0m [1mНовых концертов не найдено[0m
[32m19.12 19:21:21.57[0m [34mINFO[0m [1mПолучаю новые концерты[0m
[32m19.12 19:21:22.13[0m [34mINFO[0m [1mНовых концертов не найдено[0m
[32m19.12 19:22:22.14[0m [34mINFO[0m [1mПолучаю новые концерты[0m
[32m19.12 19:22:22.69[0m [34mINFO[0m [1mНовых концертов не найдено[0m
[32m19.12 19:23:22.70[0m [34mINFO[0m [1mПолучаю новые концерты[0m
[32m19.12 19:23:23.39[0m [34mINFO[0m [1mНовых концертов не найдено[0m
[32m19.12 19:24:23.40[0m [34mINFO[0m [1mПолучаю новые концерты[0m
[32m19.12 19:24:24.18[0m [34mINFO[0m [1mНовых концертов не найдено[0m
[32m19.12 19:25:24.19[0m [34mINFO[0m [1mПолучаю новые концерты[0m
[32m19.12 19:25:24.73[0m [34mINFO[0m [1mНовых концертов не найдено[0m
[32m19.12 19:26:24.74[0m [34mINFO[0m [1mПолучаю новые концерты[0m
[32m19.12 19:26:25.39[0m [34mINFO[0m [1mНовых концертов не найдено[0m
[32m19.12 19:27:25.40[0m [34mINFO[0m [1mПолучаю новые концерты[0m
[32m19.12 19:27:25.91[0m [34mINFO[0m [1mНовых концертов не найдено[0m
[32m19.12 19:28:25.93[0m [34mINFO[0m [1mПолучаю новые концерты[0m
[32m19.12 19:28:26.51[0m [34mINFO[0m [1mНовых концертов не найдено[0m
[32m19.12 19:29:26.52[0m [34mINFO[0m [1mПолучаю новые концерты[0m
[32m19.12 19:29:30.50[0m [34mINFO[0m [1mНовых концертов не найдено[0m
[32m19.12 19:30:30.51[0m [34mINFO[0m [1mПолучаю новые концерты[0m
[32m19.12 19:30:31.16[0m [34mINFO[0m [1mНовых концертов не найдено[0m
[32m19.12 19:31:31.17[0m [34mINFO[0m [1mПолучаю новые концерты[0m
[32m19.12 19:31:31.74[0m [34mINFO[0m [1mНовых концертов не найдено[0m
[32m19.12 19:32:31.74[0m [34mINFO[0m [1mПолучаю новые концерты[0m
[32m19.12 19:32:32.31[0m [34mINFO[0m [1mНовых концертов не найдено[0m
[32m19.12 19:33:32.30[0m [34mINFO[0m [1mПолучаю новые концерты[0m
[32m19.12 19:33:32.85[0m [34mINFO[0m [1mНовых концертов не найдено[0m
[32m19.12 19:34:32.86[0m [34mINFO[0m [1mПолучаю новые концерты[0m
[32m19.12 19:34:33.56[0m [34mINFO[0m [1mНовых концертов не найдено[0m
[32m19.12 19:35:33.55[0m [34mINFO[0m [1mПолучаю новые концерты[0m
[32m19.12 19:35:34.11[0m [34mINFO[0m [1mНовых концертов не найдено[0m
[32m19.12 19:36:34.12[0m [34mINFO[0m [1mПолучаю новые концерты[0m
[32m19.12 19:36:34.66[0m [34mINFO[0m [1mНовых концертов не найдено[0m
[32m19.12 19:37:34.66[0m [34mINFO[0m [1mПолучаю новые концерты[0m
[32m19.12 19:37:35.32[0m [34mINFO[0m [1mНовых концертов не найдено[0m
[32m19.12 19:38:35.32[0m [34mINFO[0m [1mПолучаю новые концерты[0m
[32m19.12 19:38:36.36[0m [34mINFO[0m [1mНовых концертов не найдено[0m
[32m19.12 19:39:36.37[0m [34mINFO[0m [1mПолучаю новые концерты[0m
[32m19.12 19:39:36.91[0m [34mINFO[0m [1mНовых концертов не найдено[0m
[32m19.12 19:40:36.91[0m [34mINFO[0m [1mПолучаю новые концерты[0m
[32m19.12 19:40:37.47[0m [34mINFO[0m [1mНовых концертов не найдено[0m
[32m19.12 19:41:37.48[0m [34mINFO[0m [1mПолучаю новые концерты[0m
[32m19.12 19:41:38.28[0m [34mINFO[0m [1mНовых концертов не найдено[0m
[32m19.12 19:42:38.30[0m [34mINFO[0m [1mПолучаю новые концерты[0m
[32m19.12 19:42:39.24[0m [34mINFO[0m [1mНовых концертов не найдено[0m
[32m19.12 19:43:39.25[0m [34mINFO[0m [1mПолучаю новые концерты[0m
[32m19.12 19:43:39.80[0m [34mINFO[0m [1mНовых концертов не найдено[0m
[32m19.12 19:44:39.81[0m [34mINFO[0m [1mПолучаю новые концерты[0m
[32m19.12 19:44:40.44[0m [34mINFO[0m [1mНовых концертов не найдено[0m
[32m19.12 19:45:40.45[0m [34mINFO[0m [1mПолучаю новые концерты[0m
[32m19.12 19:45:41.06[0m [34mINFO[0m [1mНовых концертов не найдено[0m
[32m19.12 19:46:41.05[0m [34mINFO[0m [1mПолучаю новые концерты[0m
[32m19.12 19:46:41.60[0m [34mINFO[0m [1mНовых концертов не найдено[0m
[32m19.12 19:47:41.61[0m [34mINFO[0m [1mПолучаю новые концерты[0m
[32m19.12 19:47:42.18[0m [34mINFO[0m [1mНовых концертов не найдено[0m
[32m19.12 19:48:42.20[0m [34mINFO[0m [1mПолучаю новые концерты[0m
[32m19.12 19:48:42.83[0m [34mINFO[0m [1mНовых концертов не найдено[0m
[32m19.12 19:49:42.84[0m [34mINFO[0m [1mПолучаю новые концерты[0m
[32m19.12 19:49:43.36[0m [34mINFO[0m [1mНовых концертов не найдено[0m
[32m19.12 19:50:43.38[0m [34mINFO[0m [1mПолучаю новые концерты[0m
[32m19.12 19:50:43.97[0m [34mINFO[0m [1mНовых концертов не найдено[0m
[32m19.12 19:51:43.99[0m [34mINFO[0m [1mПолучаю новые концерты[0m
[32m19.12 19:51:44.54[0m [34mINFO[0m [1mНовых концертов не найдено[0m
[32m19.12 19:52:44.56[0m [34mINFO[0m [1mПолучаю новые концерты[0m
[32m19.12 19:52:45.19[0m [34mINFO[0m [1mНовых концертов не найдено[0m
[32m19.12 19:53:45.20[0m [34mINFO[0m [1mПолучаю новые концерты[0m
[32m19.12 19:53:45.79[0m [34mINFO[0m [1mНовых концертов не найдено[0m
[32m19.12 19:54:45.78[0m [34mINFO[0m [1mПолучаю новые концерты[0m
[32m19.12 19:54:46.31[0m [34mINFO[0m [1mНовых концертов не найдено[0m
[32m19.12 19:55:46.30[0m [34mINFO[0m [1mПолучаю новые концерты[0m
[32m19.12 19:55:46.95[0m [34mINFO[0m [1mНовых концертов не найдено[0m
[32m19.12 19:56:46.95[0m [34mINFO[0m [1mПолучаю новые концерты[0m
[32m19.12 19:56:47.49[0m [34mINFO[0m [1mНовых концертов не найдено[0m
[32m19.12 19:57:47.50[0m [34mINFO[0m [1mПолучаю новые концерты[0m
[32m19.12 19:57:48.06[0m [34mINFO[0m [1mНовых концертов не найдено[0m
[32m19.12 19:58:48.08[0m [34mINFO[0m [1mПолучаю новые концерты[0m
[32m19.12 19:58:48.67[0m [34mINFO[0m [1mНовых концертов не найдено[0m
[32m19.12 19:59:48.67[0m [34mINFO[0m [1mПолучаю новые концерты[0m
[32m19.12 19:59:49.29[0m [34mINFO[0m [1mНовых концертов не найдено[0m
[32m19.12 20:00:49.29[0m [34mINFO[0m [1mПолучаю новые концерты[0m
[32m19.12 20:00:49.87[0m [34mINFO[0m [1mНовых концертов не найдено[0m
[32m19.12 20:01:49.87[0m [34mINFO[0m [1mПолучаю новые концерты[0m
[32m19.12 20:01:50.43[0m [34mINFO[0m [1mНовых концертов не найдено[0m
[32m19.12 20:02:50.43[0m [34mINFO[0m [1mПолучаю новые концерты[0m
[32m19.12 20:02:50.96[0m [34mINFO[0m [1mНовых концертов не найдено[0m
[32m19.12 20:03:50.95[0m [34mINFO[0m [1mПолучаю новые концерты[0m
[32m19.12 20:03:51.57[0m [34mINFO[0m [1mНовых концертов не найдено[0m
[32m19.12 20:04:51.57[0m [34mINFO[0m [1mПолучаю новые концерты[0m
[32m19.12 20:04:52.17[0m [34mINFO[0m [1mНовых концертов не найдено[0m
[32m19.12 20:05:52.16[0m [34mINFO[0m [1mПолучаю новые концерты[0m
[32m19.12 20:05:52.71[0m [34mINFO[0m [1mНовых концертов не найдено[0m
[32m19.12 20:06:52.72[0m [34mINFO[0m [1mПолучаю новые концерты[0m
[32m19.12 20:06:53.31[0m [34mINFO[0m [1mНовых концертов не найдено[0m
[32m19.12 20:07:53.33[0m [34mINFO[0m [1mПолучаю новые концерты[0m
[32m19.12 20:07:53.84[0m [34mINFO[0m [1mНовых концертов не найдено[0m
[32m19.12 20:08:53.86[0m [34mINFO[0m [1mПолучаю новые концерты[0m
[32m19.12 20:09:03.44[0m [34mINFO[0m [1mНовых концертов не найдено[0m
[32m19.12 20:10:03.45[0m [34mINFO[0m [1mПолучаю новые концерты[0m
[32m19.12 20:10:04.06[0m [34mINFO[0m [1mНовых концертов не найдено[0m
[32m19.12 20:11:04.06[0m [34mINFO[0m [1mПолучаю новые концерты[0m
[32m19.12 20:11:04.71[0m [34mINFO[0m [1mНовых концертов не найдено[0m
[32m19.12 20:12:04.72[0m [34mINFO[0m [1mПолучаю новые концерты[0m
[32m19.12 20:12:05.30[0m [34mINFO[0m [1mНовых концертов не найдено[0m
[32m19.12 20:13:05.31[0m [34mINFO[0m [1mПолучаю новые концерты[0m
[32m19.12 20:13:05.98[0m [34mINFO[0m [1mНовых концертов не найдено[0m
[32m19.12 20:14:05.98[0m [34mINFO[0m [1mПолучаю новые концерты[0m
[32m19.12 20:14:06.52[0m [34mINFO[0m [1mНовых концертов не найдено[0m
[32m19.12 20:15:06.52[0m [34mINFO[0m [1mПолучаю новые концерты[0m
[32m19.12 20:15:07.18[0m [34mINFO[0m [1mНовых концертов не найдено[0m
[32m19.12 20:16:07.19[0m [34mINFO[0m [1mПолучаю новые концерты[0m
[32m19.12 20:16:07.72[0m [34mINFO[0m [1mНовых концертов не найдено[0m
[32m19.12 20:17:07.74[0m [34mINFO[0m [1mПолучаю новые концерты[0m
[32m19.12 20:17:08.32[0m [34mINFO[0m [1mНовых концертов не найдено[0m
[32m19.12 20:18:08.32[0m [34mINFO[0m [1mПолучаю новые концерты[0m
[32m19.12 20:18:09.63[0m [34mINFO[0m [1mНовых концертов не найдено[0m
[32m19.12 20:19:09.64[0m [34mINFO[0m [1mПолучаю новые концерты[0m
[32m19.12 20:19:10.22[0m [34mINFO[0m [1mНовых концертов не найдено[0m
[32m19.12 20:20:10.22[0m [34mINFO[0m [1mПолучаю новые концерты[0m
[32m19.12 20:20:10.74[0m [34mINFO[0m [1mНовых концертов не найдено[0m
[32m19.12 20:21:10.75[0m [34mINFO[0m [1mПолучаю новые концерты[0m
[32m19.12 20:21:11.35[0m [34mINFO[0m [1mНовых концертов не найдено[0m
[32m19.12 20:22:11.36[0m [34mINFO[0m [1mПолучаю новые концерты[0m
[32m19.12 20:22:12.04[0m [34mINFO[0m [1mНовых концертов не найдено[0m
[32m19.12 20:23:12.04[0m [34mINFO[0m [1mПолучаю новые концерты[0m
[32m19.12 20:23:12.55[0m [34mINFO[0m [1mНовых концертов не найдено[0m
[32m19.12 20:24:12.56[0m [34mINFO[0m [1mПолучаю новые концерты[0m
[32m19.12 20:24:13.24[0m [34mINFO[0m [1mНовых концертов не найдено[0m
[32m19.12 20:25:13.26[0m [34mINFO[0m [1mПолучаю новые концерты[0m
[32m19.12 20:25:13.83[0m [34mINFO[0m [1mНовых концертов не найдено[0m
[32m19.12 20:26:13.84[0m [34mINFO[0m [1mПолучаю новые концерты[0m
[32m19.12 20:26:14.54[0m [34mINFO[0m [1mНовых концертов не найдено[0m
[32m19.12 20:27:14.54[0m [34mINFO[0m [1mПолучаю новые концерты[0m
[32m19.12 20:27:15.75[0m [34mINFO[0m [1mНовых концертов не найдено[0m
[32m19.12 20:28:15.76[0m [34mINFO[0m [1mПолучаю новые концерты[0m
[32m19.12 20:28:16.28[0m [34mINFO[0m [1mНовых концертов не найдено[0m
[32m19.12 20:29:16.28[0m [34mINFO[0m [1mПолучаю новые концерты[0m
[32m19.12 20:29:17.01[0m [34mINFO[0m [1mНовых концертов не найдено[0m
[32m19.12 20:30:17.04[0m [34mINFO[0m [1mПолучаю новые концерты[0m
[32m19.12 20:30:17.97[0m [34mINFO[0m [1mНовых концертов не найдено[0m
[32m19.12 20:31:17.98[0m [34mINFO[0m [1mПолучаю новые концерты[0m
[32m19.12 20:31:18.60[0m [34mINFO[0m [1mНовых концертов не найдено[0m
[32m19.12 20:32:18.61[0m [34mINFO[0m [1mПолучаю новые концерты[0m
[32m19.12 20:32:19.13[0m [34mINFO[0m [1mНовых концертов не найдено[0m
[32m19.12 20:33:19.13[0m [34mINFO[0m [1mПолучаю новые концерты[0m
[32m19.12 20:33:19.75[0m [34mINFO[0m [1mНовых концертов не найдено[0m
[32m19.12 20:34:19.75[0m [34mINFO[0m [1mПолучаю новые концерты[0m
[32m19.12 20:34:20.88[0m [34mINFO[0m [1mНовых концертов не найдено[0m
[32m19.12 20:35:20.89[0m [34mINFO[0m [1mПолучаю новые концерты[0m
[32m19.12 20:35:23.35[0m [34mINFO[0m [1mНовых концертов не найдено[0m
[32m19.12 20:36:23.36[0m [34mINFO[0m [1mПолучаю новые концерты[0m
[32m19.12 20:36:23.91[0m [34mINFO[0m [1mНовых концертов не найдено[0m
[32m19.12 20:37:23.91[0m [34mINFO[0m [1mПолучаю новые концерты[0m
[32m19.12 20:37:24.53[0m [34mINFO[0m [1mНовых концертов не найдено[0m
[32m19.12 20:38:24.53[0m [34mINFO[0m [1mПолучаю новые концерты[0m
[32m19.12 20:38:25.19[0m [34mINFO[0m [1mНовых концертов не найдено[0m
[32m19.12 20:39:25.19[0m [34mINFO[0m [1mПолучаю новые концерты[0m
[32m19.12 20:39:25.70[0m [34mINFO[0m [1mНовых концертов не найдено[0m
[32m19.12 20:40:25.69[0m [34mINFO[0m [1mПолучаю новые концерты[0m
[32m19.12 20:40:26.56[0m [34mINFO[0m [1mНовых концертов не найдено[0m
[32m19.12 20:41:26.58[0m [34mINFO[0m [1mПолучаю новые концерты[0m
[32m19.12 20:41:27.12[0m [34mINFO[0m [1mНовых концертов не найдено[0m
[32m19.12 20:42:27.12[0m [34mINFO[0m [1mПолучаю новые концерты[0m
[32m19.12 20:42:27.70[0m [34mINFO[0m [1mНовых концертов не найдено[0m
[32m19.12 20:43:27.71[0m [34mINFO[0m [1mПолучаю новые концерты[0m
[32m19.12 20:43:28.30[0m [34mINFO[0m [1mНовых концертов не найдено[0m
[32m19.12 20:44:28.30[0m [34mINFO[0m [1mПолучаю новые концерты[0m
[32m19.12 20:44:28.95[0m [34mINFO[0m [1mНовых концертов не найдено[0m
[32m19.12 20:45:28.97[0m [34mINFO[0m [1mПолучаю новые концерты[0m
[32m19.12 20:45:31.28[0m [34mINFO[0m [1mНовых концертов не найдено[0m
[32m19.12 20:46:31.29[0m [34mINFO[0m [1mПолучаю новые концерты[0m
[32m19.12 20:46:31.81[0m [34mINFO[0m [1mНовых концертов не найдено[0m
[32m19.12 20:47:31.80[0m [34mINFO[0m [1mПолучаю новые концерты[0m
[32m19.12 20:47:32.45[0m [34mINFO[0m [1mНовых концертов не найдено[0m
[32m19.12 20:48:32.46[0m [34mINFO[0m [1mПолучаю новые концерты[0m
[32m19.12 20:48:33.02[0m [34mINFO[0m [1mНовых концертов не найдено[0m
[32m19.12 20:49:33.02[0m [34mINFO[0m [1mПолучаю новые концерты[0m
[32m19.12 20:49:33.71[0m [34mINFO[0m [1mНовых концертов не найдено[0m
[32m19.12 20:50:33.72[0m [34mINFO[0m [1mПолучаю новые концерты[0m
[32m19.12 20:50:34.35[0m [34mINFO[0m [1mНовых концертов не найдено[0m
[32m19.12 20:51:34.36[0m [34mINFO[0m [1mПолучаю новые концерты[0m
[32m19.12 20:51:35.04[0m [34mINFO[0m [1mНовых концертов не найдено[0m
[32m19.12 20:52:35.04[0m [34mINFO[0m [1mПолучаю новые концерты[0m
[32m19.12 20:52:35.65[0m [34mINFO[0m [1mНовых концертов не найдено[0m
[32m19.12 20:53:35.64[0m [34mINFO[0m [1mПолучаю новые концерты[0m
[32m19.12 20:53:36.19[0m [34mINFO[0m [1mНовых концертов не найдено[0m
[32m19.12 20:54:36.21[0m [34mINFO[0m [1mПолучаю новые концерты[0m
[32m19.12 20:54:36.75[0m [34mINFO[0m [1mНовых концертов не найдено[0m
[32m19.12 20:55:36.75[0m [34mINFO[0m [1mПолучаю новые концерты[0m
[32m19.12 20:55:37.48[0m [34mINFO[0m [1mНовых концертов не найдено[0m
[32m19.12 20:56:37.50[0m [34mINFO[0m [1mПолучаю новые концерты[0m
[32m19.12 20:56:38.07[0m [34mINFO[0m [1mНовых концертов не найдено[0m
[32m19.12 20:57:38.07[0m [34mINFO[0m [1mПолучаю новые концерты[0m
[32m19.12 20:57:38.62[0m [34mINFO[0m [1mНовых концертов не найдено[0m
[32m19.12 20:58:38.62[0m [34mINFO[0m [1mПолучаю новые концерты[0m
[32m19.12 20:58:39.30[0m [34mINFO[0m [1mНовых концертов не найдено[0m
[32m19.12 20:59:39.31[0m [34mINFO[0m [1mПолучаю новые концерты[0m
[32m19.12 20:59:39.95[0m [34mINFO[0m [1mНовых концертов не найдено[0m
[32m19.12 21:00:39.95[0m [34mINFO[0m [1mПолучаю новые концерты[0m
[32m19.12 21:00:41.34[0m [34mINFO[0m [1mНовых концертов не найдено[0m
[32m19.12 21:01:41.33[0m [34mINFO[0m [1mПолучаю новые концерты[0m
[32m19.12 21:01:41.89[0m [34mINFO[0m [1mНовых концертов не найдено[0m
[32m19.12 21:02:41.89[0m [34mINFO[0m [1mПолучаю новые концерты[0m
[32m19.12 21:02:42.55[0m [34mINFO[0m [1mНовых концертов не найдено[0m
[32m19.12 21:03:42.55[0m [34mINFO[0m [1mПолучаю новые концерты[0m
[32m19.12 21:03:43.13[0m [34mINFO[0m [1mНовых концертов не найдено[0m
[32m19.12 21:04:43.14[0m [34mINFO[0m [1mПолучаю новые концерты[0m
[32m19.12 21:04:43.83[0m [34mINFO[0m [1mНовых концертов не найдено[0m
[32m19.12 21:05:43.84[0m [34mINFO[0m [1mПолучаю новые концерты[0m
[32m19.12 21:05:44.35[0m [34mINFO[0m [1mНовых концертов не найдено[0m
[32m19.12 21:06:44.35[0m [34mINFO[0m [1mПолучаю новые концерты[0m
[32m19.12 21:06:44.99[0m [34mINFO[0m [1mНовых концертов не найдено[0m
[32m19.12 21:07:45.01[0m [34mINFO[0m [1mПолучаю новые концерты[0m
[32m19.12 21:07:45.58[0m [34mINFO[0m [1mНовых концертов не найдено[0m
[32m19.12 21:08:45.59[0m [34mINFO[0m [1mПолучаю новые концерты[0m
[32m19.12 21:08:47.40[0m [34mINFO[0m [1mНовых концертов не найдено[0m
[32m19.12 21:09:47.41[0m [34mINFO[0m [1mПолучаю новые концерты[0m
[32m19.12 21:09:48.01[0m [34mINFO[0m [1mНовых концертов не найдено[0m
[32m19.12 21:10:48.00[0m [34mINFO[0m [1mПолучаю новые концерты[0m
[32m19.12 21:10:48.54[0m [34mINFO[0m [1mНовых концертов не найдено[0m
[32m19.12 21:11:48.56[0m [34mINFO[0m [1mПолучаю новые концерты[0m
[32m19.12 21:11:49.11[0m [34mINFO[0m [1mНовых концертов не найдено[0m
[32m19.12 21:12:49.12[0m [34mINFO[0m [1mПолучаю новые концерты[0m
[32m19.12 21:12:49.65[0m [34mINFO[0m [1mНовых концертов не найдено[0m
[32m19.12 21:13:49.66[0m [34mINFO[0m [1mПолучаю новые концерты[0m
[32m19.12 21:13:50.82[0m [34mINFO[0m [1mНовых концертов не найдено[0m
[32m19.12 21:14:50.82[0m [34mINFO[0m [1mПолучаю новые концерты[0m
[32m19.12 21:14:51.37[0m [34mINFO[0m [1mНовых концертов не найдено[0m
[32m19.12 21:15:51.38[0m [34mINFO[0m [1mПолучаю новые концерты[0m
[32m19.12 21:15:51.93[0m [34mINFO[0m [1mНовых концертов не найдено[0m
[32m19.12 21:16:51.94[0m [34mINFO[0m [1mПолучаю новые концерты[0m
[32m19.12 21:16:52.48[0m [34mINFO[0m [1mНовых концертов не найдено[0m
[32m19.12 21:17:52.50[0m [34mINFO[0m [1mПолучаю новые концерты[0m
[32m19.12 21:17:53.16[0m [34mINFO[0m [1mНовых концертов не найдено[0m
[32m19.12 21:18:53.17[0m [34mINFO[0m [1mПолучаю новые концерты[0m
[32m19.12 21:18:53.73[0m [34mINFO[0m [1mНовых концертов не найдено[0m
[32m19.12 21:19:53.72[0m [34mINFO[0m [1mПолучаю новые концерты[0m
[32m19.12 21:19:55.52[0m [34mINFO[0m [1mНовых концертов не найдено[0m
[32m19.12 21:20:55.53[0m [34mINFO[0m [1mПолучаю новые концерты[0m
[32m19.12 21:20:56.17[0m [34mINFO[0m [1mНовых концертов не найдено[0m
[32m19.12 21:21:56.17[0m [34mINFO[0m [1mПолучаю новые концерты[0m
[32m19.12 21:21:56.72[0m [34mINFO[0m [1mНовых концертов не найдено[0m
[32m19.12 21:22:56.73[0m [34mINFO[0m [1mПолучаю новые концерты[0m
[32m19.12 21:22:57.25[0m [34mINFO[0m [1mНовых концертов не найдено[0m
[32m19.12 21:23:57.26[0m [34mINFO[0m [1mПолучаю новые концерты[0m
[32m19.12 21:23:57.84[0m [34mINFO[0m [1mНовых концертов не найдено[0m
[32m19.12 21:24:57.85[0m [34mINFO[0m [1mПолучаю новые концерты[0m
[32m19.12 21:24:58.50[0m [34mINFO[0m [1mНовых концертов не найдено[0m
[32m19.12 21:25:58.51[0m [34mINFO[0m [1mПолучаю новые концерты[0m
[32m19.12 21:25:59.02[0m [34mINFO[0m [1mНовых концертов не найдено[0m
[32m19.12 21:26:59.04[0m [34mINFO[0m [1mПолучаю новые концерты[0m
[32m19.12 21:26:59.60[0m [34mINFO[0m [1mНовых концертов не найдено[0m
[32m19.12 21:27:59.60[0m [34mINFO[0m [1mПолучаю новые концерты[0m
[32m19.12 21:28:00.18[0m [34mINFO[0m [1mНовых концертов не найдено[0m
[32m19.12 21:29:00.18[0m [34mINFO[0m [1mПолучаю новые концерты[0m
[32m19.12 21:29:02.68[0m [34mINFO[0m [1mНовых концертов не найдено[0m
[32m19.12 21:30:02.69[0m [34mINFO[0m [1mПолучаю новые концерты[0m
[32m19.12 21:30:05.53[0m [34mINFO[0m [1mНовых концертов не найдено[0m
[32m19.12 21:31:05.55[0m [34mINFO[0m [1mПолучаю новые концерты[0m
[32m19.12 21:31:06.11[0m [34mINFO[0m [1mНовых концертов не найдено[0m
[32m19.12 21:32:06.13[0m [34mINFO[0m [1mПолучаю новые концерты[0m
[32m19.12 21:32:06.76[0m [34mINFO[0m [1mНовых концертов не найдено[0m
[32m19.12 21:33:06.76[0m [34mINFO[0m [1mПолучаю новые концерты[0m
[32m19.12 21:33:07.30[0m [34mINFO[0m [1mНовых концертов не найдено[0m
[32m19.12 21:34:07.31[0m [34mINFO[0m [1mПолучаю новые концерты[0m
[32m19.12 21:34:07.87[0m [34mINFO[0m [1mНовых концертов не найдено[0m
[32m19.12 21:35:07.89[0m [34mINFO[0m [1mПолучаю новые концерты[0m
[32m19.12 21:35:09.15[0m [34mINFO[0m [1mНовых концертов не найдено[0m
[32m19.12 21:36:09.15[0m [34mINFO[0m [1mПолучаю новые концерты[0m
[32m19.12 21:36:09.95[0m [34mINFO[0m [1mНовых концертов не найдено[0m
[32m19.12 21:37:09.95[0m [34mINFO[0m [1mПолучаю новые концерты[0m
[32m19.12 21:37:10.89[0m [34mINFO[0m [1mНовых концертов не найдено[0m
[32m19.12 21:38:10.89[0m [34mINFO[0m [1mПолучаю новые концерты[0m
[32m19.12 21:38:11.42[0m [34mINFO[0m [1mНовых концертов не найдено[0m
[32m19.12 21:39:11.42[0m [34mINFO[0m [1mПолучаю новые концерты[0m
[32m19.12 21:39:12.04[0m [34mINFO[0m [1mНовых концертов не найдено[0m
[32m19.12 21:40:12.05[0m [34mINFO[0m [1mПолучаю новые концерты[0m
[32m19.12 21:40:12.60[0m [34mINFO[0m [1mНовых концертов не найдено[0m
[32m19.12 21:41:12.60[0m [34mINFO[0m [1mПолучаю новые концерты[0m
[32m19.12 21:41:13.49[0m [34mINFO[0m [1mНовых концертов не найдено[0m
[32m19.12 21:42:13.50[0m [34mINFO[0m [1mПолучаю новые концерты[0m
[32m19.12 21:42:14.23[0m [34mINFO[0m [1mНовых концертов не найдено[0m
[32m19.12 21:43:14.25[0m [34mINFO[0m [1mПолучаю новые концерты[0m
[32m19.12 21:43:14.90[0m [34mINFO[0m [1mНовых концертов не найдено[0m
[32m19.12 21:44:14.90[0m [34mINFO[0m [1mПолучаю новые концерты[0m
[32m19.12 21:44:16.62[0m [34mINFO[0m [1mНовых концертов не найдено[0m
[32m19.12 21:45:16.64[0m [34mINFO[0m [1mПолучаю новые концерты[0m
[32m19.12 21:45:17.20[0m [34mINFO[0m [1mНовых концертов не найдено[0m
[32m19.12 21:46:17.19[0m [34mINFO[0m [1mПолучаю новые концерты[0m
[32m19.12 21:46:17.77[0m [34mINFO[0m [1mНовых концертов не найдено[0m
[32m19.12 21:47:17.77[0m [34mINFO[0m [1mПолучаю новые концерты[0m
[32m19.12 21:47:18.37[0m [34mINFO[0m [1mНовых концертов не найдено[0m
[32m19.12 21:48:18.38[0m [34mINFO[0m [1mПолучаю новые концерты[0m
[32m19.12 21:48:19.22[0m [34mINFO[0m [1mНовых концертов не найдено[0m
[32m19.12 21:49:19.23[0m [34mINFO[0m [1mПолучаю новые концерты[0m
[32m19.12 21:49:19.79[0m [34mINFO[0m [1mНовых концертов не найдено[0m
[32m19.12 21:50:19.79[0m [34mINFO[0m [1mПолучаю новые концерты[0m
[32m19.12 21:50:21.12[0m [34mINFO[0m [1mНовых концертов не найдено[0m
[32m19.12 21:51:21.13[0m [34mINFO[0m [1mПолучаю новые концерты[0m
[32m19.12 21:51:21.67[0m [34mINFO[0m [1mНовых концертов не найдено[0m
[32m19.12 21:52:21.68[0m [34mINFO[0m [1mПолучаю новые концерты[0m
[32m19.12 21:52:22.21[0m [34mINFO[0m [1mНовых концертов не найдено[0m
[32m19.12 21:53:22.21[0m [34mINFO[0m [1mПолучаю новые концерты[0m
[32m19.12 21:53:22.81[0m [34mINFO[0m [1mНовых концертов не найдено[0m
[32m19.12 21:54:22.82[0m [34mINFO[0m [1mПолучаю новые концерты[0m
[32m19.12 21:54:23.50[0m [34mINFO[0m [1mНовых концертов не найдено[0m
[32m19.12 21:55:23.51[0m [34mINFO[0m [1mПолучаю новые концерты[0m
[32m19.12 21:55:38.55[0m [34mINFO[0m [1mНовых концертов не найдено[0m
[32m19.12 21:56:38.55[0m [34mINFO[0m [1mПолучаю новые концерты[0m
[32m19.12 21:56:39.10[0m [34mINFO[0m [1mНовых концертов не найдено[0m
[32m19.12 21:57:39.11[0m [34mINFO[0m [1mПолучаю новые концерты[0m
[32m19.12 21:57:39.66[0m [34mINFO[0m [1mНовых концертов не найдено[0m
[32m19.12 21:58:39.68[0m [34mINFO[0m [1mПолучаю новые концерты[0m
[32m19.12 21:58:40.34[0m [34mINFO[0m [1mНовых концертов не найдено[0m
[32m19.12 21:59:40.37[0m [34mINFO[0m [1mПолучаю новые концерты[0m
[32m19.12 21:59:40.90[0m [34mINFO[0m [1mНовых концертов не найдено[0m
[32m19.12 22:00:40.91[0m [34mINFO[0m [1mПолучаю новые концерты[0m
[32m19.12 22:00:41.48[0m [34mINFO[0m [1mНовых концертов не найдено[0m
[32m19.12 22:01:41.51[0m [34mINFO[0m [1mПолучаю новые концерты[0m
[32m19.12 22:01:42.14[0m [34mINFO[0m [1mНовых концертов не найдено[0m
[32m19.12 22:02:42.16[0m [34mINFO[0m [1mПолучаю новые концерты[0m
[32m19.12 22:02:42.97[0m [34mINFO[0m [1mНовых концертов не найдено[0m
[32m19.12 22:03:42.98[0m [34mINFO[0m [1mПолучаю новые концерты[0m
[32m19.12 22:03:49.88[0m [34mINFO[0m [1mНовых концертов не найдено[0m
[32m19.12 22:04:49.88[0m [34mINFO[0m [1mПолучаю новые концерты[0m
[32m19.12 22:04:50.85[0m [34mINFO[0m [1mНовых концертов не найдено[0m
[32m19.12 22:05:50.86[0m [34mINFO[0m [1mПолучаю новые концерты[0m
[32m19.12 22:06:00.81[0m [34mINFO[0m [1mНовых концертов не найдено[0m
[32m19.12 22:07:00.81[0m [34mINFO[0m [1mПолучаю новые концерты[0m
[32m19.12 22:07:10.14[0m [34mINFO[0m [1mНовых концертов не найдено[0m
[32m19.12 22:08:10.15[0m [34mINFO[0m [1mПолучаю новые концерты[0m
[32m19.12 22:08:10.76[0m [34mINFO[0m [1mНовых концертов не найдено[0m
[32m19.12 22:09:10.76[0m [34mINFO[0m [1mПолучаю новые концерты[0m
[32m19.12 22:09:11.26[0m [34mINFO[0m [1mНовых концертов не найдено[0m
[32m19.12 22:10:11.29[0m [34mINFO[0m [1mПолучаю новые концерты[0m
[32m19.12 22:10:13.28[0m [34mINFO[0m [1mНовых концертов не найдено[0m
[32m19.12 22:11:13.29[0m [34mINFO[0m [1mПолучаю новые концерты[0m
[32m19.12 22:11:13.85[0m [34mINFO[0m [1mНовых концертов не найдено[0m
[32m19.12 22:12:13.85[0m [34mINFO[0m [1mПолучаю новые концерты[0m
[32m19.12 22:12:14.41[0m [34mINFO[0m [1mНовых концертов не найдено[0m
[32m19.12 22:13:14.42[0m [34mINFO[0m [1mПолучаю новые концерты[0m
[32m19.12 22:13:15.01[0m [34mINFO[0m [1mНовых концертов не найдено[0m
[32m19.12 22:14:15.02[0m [34mINFO[0m [1mПолучаю новые концерты[0m
[32m19.12 22:14:15.72[0m [34mINFO[0m [1mНовых концертов не найдено[0m
[32m19.12 22:15:15.73[0m [34mINFO[0m [1mПолучаю новые концерты[0m
[32m19.12 22:15:18.15[0m [34mINFO[0m [1mНовых концертов не найдено[0m
[32m19.12 22:16:18.16[0m [34mINFO[0m [1mПолучаю новые концерты[0m
[32m19.12 22:16:20.24[0m [34mINFO[0m [1mНовых концертов не найдено[0m
[32m19.12 22:17:20.25[0m [34mINFO[0m [1mПолучаю новые концерты[0m
[32m19.12 22:17:20.86[0m [34mINFO[0m [1mНовых концертов не найдено[0m
[32m19.12 22:18:20.88[0m [34mINFO[0m [1mПолучаю новые концерты[0m
[32m19.12 22:18:21.42[0m [34mINFO[0m [1mНовых концертов не найдено[0m
[32m19.12 22:19:21.44[0m [34mINFO[0m [1mПолучаю новые концерты[0m
[32m19.12 22:19:21.95[0m [34mINFO[0m [1mНовых концертов не найдено[0m
[32m19.12 22:20:21.95[0m [34mINFO[0m [1mПолучаю новые концерты[0m
[32m19.12 22:20:22.84[0m [34mINFO[0m [1mНовых концертов не найдено[0m
[32m19.12 22:21:22.84[0m [34mINFO[0m [1mПолучаю новые концерты[0m
[32m19.12 22:21:24.98[0m [34mINFO[0m [1mНовых концертов не найдено[0m
[32m19.12 22:22:24.99[0m [34mINFO[0m [1mПолучаю новые концерты[0m
[32m19.12 22:22:25.50[0m [34mINFO[0m [1mНовых концертов не найдено[0m
[32m19.12 22:23:25.51[0m [34mINFO[0m [1mПолучаю новые концерты[0m
[32m19.12 22:23:26.02[0m [34mINFO[0m [1mНовых концертов не найдено[0m
[32m19.12 22:24:26.03[0m [34mINFO[0m [1mПолучаю новые концерты[0m
[32m19.12 22:24:28.64[0m [34mINFO[0m [1mНовых концертов не найдено[0m
[32m19.12 22:25:28.65[0m [34mINFO[0m [1mПолучаю новые концерты[0m
[32m19.12 22:25:29.16[0m [34mINFO[0m [1mНовых концертов не найдено[0m
[32m19.12 22:26:29.17[0m [34mINFO[0m [1mПолучаю новые концерты[0m
[32m19.12 22:26:29.68[0m [34mINFO[0m [1mНовых концертов не найдено[0m
[32m19.12 22:27:29.68[0m [34mINFO[0m [1mПолучаю новые концерты[0m
[32m19.12 22:27:30.58[0m [34mINFO[0m [1mНовых концертов не найдено[0m
[32m19.12 22:28:30.59[0m [34mINFO[0m [1mПолучаю новые концерты[0m
[32m19.12 22:28:31.25[0m [34mINFO[0m [1mНовых концертов не найдено[0m
[32m19.12 22:29:31.26[0m [34mINFO[0m [1mПолучаю новые концерты[0m
[32m19.12 22:29:31.84[0m [34mINFO[0m [1mНовых концертов не найдено[0m
[32m19.12 22:30:31.84[0m [34mINFO[0m [1mПолучаю новые концерты[0m
[32m19.12 22:30:32.41[0m [34mINFO[0m [1mНовых концертов не найдено[0m
[32m19.12 22:31:32.41[0m [34mINFO[0m [1mПолучаю новые концерты[0m
[32m19.12 22:31:32.95[0m [34mINFO[0m [1mНовых концертов не найдено[0m
[32m19.12 22:32:32.96[0m [34mINFO[0m [1mПолучаю новые концерты[0m
[32m19.12 22:32:33.55[0m [34mINFO[0m [1mНовых концертов не найдено[0m
[32m19.12 22:33:33.56[0m [34mINFO[0m [1mПолучаю новые концерты[0m
[32m19.12 22:33:34.06[0m [34mINFO[0m [1mНовых концертов не найдено[0m
[32m19.12 22:34:34.09[0m [34mINFO[0m [1mПолучаю новые концерты[0m
[32m19.12 22:34:34.59[0m [34mINFO[0m [1mНовых концертов не найдено[0m
[32m19.12 22:35:34.61[0m [34mINFO[0m [1mПолучаю новые концерты[0m
[32m19.12 22:35:35.26[0m [34mINFO[0m [1mНовых концертов не найдено[0m
[32m19.12 22:36:35.28[0m [34mINFO[0m [1mПолучаю новые концерты[0m
[32m19.12 22:36:35.79[0m [34mINFO[0m [1mНовых концертов не найдено[0m
[32m19.12 22:37:35.78[0m [34mINFO[0m [1mПолучаю новые концерты[0m
[32m19.12 22:37:36.31[0m [34mINFO[0m [1mНовых концертов не найдено[0m
[32m19.12 22:38:36.30[0m [34mINFO[0m [1mПолучаю новые концерты[0m
[32m19.12 22:38:36.86[0m [34mINFO[0m [1mНовых концертов не найдено[0m
[32m19.12 22:39:36.88[0m [34mINFO[0m [1mПолучаю новые концерты[0m
[32m19.12 22:39:37.52[0m [34mINFO[0m [1mНовых концертов не найдено[0m
[32m19.12 22:40:37.52[0m [34mINFO[0m [1mПолучаю новые концерты[0m
[32m19.12 22:40:38.02[0m [34mINFO[0m [1mНовых концертов не найдено[0m
[32m19.12 22:41:38.03[0m [34mINFO[0m [1mПолучаю новые концерты[0m
[32m19.12 22:41:38.53[0m [34mINFO[0m [1mНовых концертов не найдено[0m
[32m19.12 22:42:38.53[0m [34mINFO[0m [1mПолучаю новые концерты[0m
[32m19.12 22:42:39.17[0m [34mINFO[0m [1mНовых концертов не найдено[0m
[32m19.12 22:43:39.18[0m [34mINFO[0m [1mПолучаю новые концерты[0m
[32m19.12 22:43:39.76[0m [34mINFO[0m [1mНовых концертов не найдено[0m
[32m19.12 22:44:39.77[0m [34mINFO[0m [1mПолучаю новые концерты[0m
[32m19.12 22:44:40.33[0m [34mINFO[0m [1mНовых концертов не найдено[0m
[32m19.12 22:45:40.33[0m [34mINFO[0m [1mПолучаю новые концерты[0m
[32m19.12 22:45:41.00[0m [34mINFO[0m [1mНовых концертов не найдено[0m
[32m19.12 22:46:41.00[0m [34mINFO[0m [1mПолучаю новые концерты[0m
[32m19.12 22:46:41.84[0m [34mINFO[0m [1mНовых концертов не найдено[0m
[32m19.12 22:47:41.85[0m [34mINFO[0m [1mПолучаю новые концерты[0m
[32m19.12 22:47:42.35[0m [34mINFO[0m [1mНовых концертов не найдено[0m
[32m19.12 22:48:42.36[0m [34mINFO[0m [1mПолучаю новые концерты[0m
[32m19.12 22:48:42.87[0m [34mINFO[0m [1mНовых концертов не найдено[0m
[32m19.12 22:49:42.88[0m [34mINFO[0m [1mПолучаю новые концерты[0m
[32m19.12 22:49:43.62[0m [34mINFO[0m [1mНовых концертов не найдено[0m
[32m19.12 22:50:43.63[0m [34mINFO[0m [1mПолучаю новые концерты[0m
[32m19.12 22:50:44.26[0m [34mINFO[0m [1mНовых концертов не найдено[0m
[32m19.12 22:51:44.26[0m [34mINFO[0m [1mПолучаю новые концерты[0m
[32m19.12 22:51:44.81[0m [34mINFO[0m [1mНовых концертов не найдено[0m
[32m19.12 22:52:44.80[0m [34mINFO[0m [1mПолучаю новые концерты[0m
[32m19.12 22:52:45.36[0m [34mINFO[0m [1mНовых концертов не найдено[0m
[32m19.12 22:53:45.38[0m [34mINFO[0m [1mПолучаю новые концерты[0m
[32m19.12 22:53:46.00[0m [34mINFO[0m [1mНовых концертов не найдено[0m
[32m19.12 22:54:46.01[0m [34mINFO[0m [1mПолучаю новые концерты[0m
[32m19.12 22:54:46.56[0m [34mINFO[0m [1mНовых концертов не найдено[0m
[32m19.12 22:55:46.57[0m [34mINFO[0m [1mПолучаю новые концерты[0m
[32m19.12 22:55:47.13[0m [34mINFO[0m [1mНовых концертов не найдено[0m
[32m19.12 22:56:47.13[0m [34mINFO[0m [1mПолучаю новые концерты[0m
[32m19.12 22:56:47.70[0m [34mINFO[0m [1mНовых концертов не найдено[0m
[32m19.12 22:57:47.73[0m [34mINFO[0m [1mПолучаю новые концерты[0m
[32m19.12 22:57:48.44[0m [34mINFO[0m [1mНовых концертов не найдено[0m
[32m19.12 22:58:48.44[0m [34mINFO[0m [1mПолучаю новые концерты[0m
[32m19.12 22:58:48.99[0m [34mINFO[0m [1mНовых концертов не найдено[0m
[32m19.12 22:59:49.01[0m [34mINFO[0m [1mПолучаю новые концерты[0m
[32m19.12 22:59:49.54[0m [34mINFO[0m [1mНовых концертов не найдено[0m
[32m19.12 23:00:49.55[0m [34mINFO[0m [1mПолучаю новые концерты[0m
[32m19.12 23:00:50.09[0m [34mINFO[0m [1mНовых концертов не найдено[0m
[32m19.12 23:01:50.10[0m [34mINFO[0m [1mПолучаю новые концерты[0m
[32m19.12 23:01:50.78[0m [34mINFO[0m [1mНовых концертов не найдено[0m
[32m19.12 23:02:50.78[0m [34mINFO[0m [1mПолучаю новые концерты[0m
[32m19.12 23:02:51.31[0m [34mINFO[0m [1mНовых концертов не найдено[0m
[32m19.12 23:03:51.32[0m [34mINFO[0m [1mПолучаю новые концерты[0m
[32m19.12 23:03:51.83[0m [34mINFO[0m [1mНовых концертов не найдено[0m
[32m19.12 23:04:51.83[0m [34mINFO[0m [1mПолучаю новые концерты[0m
[32m19.12 23:04:52.61[0m [34mINFO[0m [1mНовых концертов не найдено[0m
[32m19.12 23:05:52.62[0m [34mINFO[0m [1mПолучаю новые концерты[0m
[32m19.12 23:05:53.16[0m [34mINFO[0m [1mНовых концертов не найдено[0m
[32m19.12 23:06:53.17[0m [34mINFO[0m [1mПолучаю новые концерты[0m
[32m19.12 23:06:53.66[0m [34mINFO[0m [1mНовых концертов не найдено[0m
[32m19.12 23:07:53.68[0m [34mINFO[0m [1mПолучаю новые концерты[0m
[32m19.12 23:07:54.25[0m [34mINFO[0m [1mНовых концертов не найдено[0m
[32m19.12 23:08:54.26[0m [34mINFO[0m [1mПолучаю новые концерты[0m
[32m19.12 23:08:54.90[0m [34mINFO[0m [1mНовых концертов не найдено[0m
[32m19.12 23:09:54.90[0m [34mINFO[0m [1mПолучаю новые концерты[0m
[32m19.12 23:09:55.45[0m [34mINFO[0m [1mНовых концертов не найдено[0m
[32m19.12 23:10:55.45[0m [34mINFO[0m [1mПолучаю новые концерты[0m
[32m19.12 23:10:55.96[0m [34mINFO[0m [1mНовых концертов не найдено[0m
[32m19.12 23:11:55.97[0m [34mINFO[0m [1mПолучаю новые концерты[0m
[32m19.12 23:11:56.54[0m [34mINFO[0m [1mНовых концертов не найдено[0m
[32m19.12 23:12:56.53[0m [34mINFO[0m [1mПолучаю новые концерты[0m
[32m19.12 23:12:57.17[0m [34mINFO[0m [1mНовых концертов не найдено[0m
[32m19.12 23:13:57.16[0m [34mINFO[0m [1mПолучаю новые концерты[0m
[32m19.12 23:13:57.70[0m [34mINFO[0m [1mНовых концертов не найдено[0m
[32m19.12 23:14:57.69[0m [34mINFO[0m [1mПолучаю новые концерты[0m
[32m19.12 23:14:58.24[0m [34mINFO[0m [1mНовых концертов не найдено[0m
[32m19.12 23:15:58.24[0m [34mINFO[0m [1mПолучаю новые концерты[0m
[32m19.12 23:15:58.87[0m [34mINFO[0m [1mНовых концертов не найдено[0m
[32m19.12 23:16:58.87[0m [34mINFO[0m [1mПолучаю новые концерты[0m
[32m19.12 23:16:59.42[0m [34mINFO[0m [1mНовых концертов не найдено[0m
[32m19.12 23:17:59.43[0m [34mINFO[0m [1mПолучаю новые концерты[0m
[32m19.12 23:17:59.97[0m [34mINFO[0m [1mНовых концертов не найдено[0m
[32m19.12 23:18:59.98[0m [34mINFO[0m [1mПолучаю новые концерты[0m
[32m19.12 23:19:00.56[0m [34mINFO[0m [1mНовых концертов не найдено[0m
[32m19.12 23:20:00.58[0m [34mINFO[0m [1mПолучаю новые концерты[0m
[32m19.12 23:20:01.21[0m [34mINFO[0m [1mНовых концертов не найдено[0m
[32m19.12 23:21:01.22[0m [34mINFO[0m [1mПолучаю новые концерты[0m
[32m19.12 23:21:01.79[0m [34mINFO[0m [1mНовых концертов не найдено[0m
[32m19.12 23:22:01.80[0m [34mINFO[0m [1mПолучаю новые концерты[0m
[32m19.12 23:22:02.41[0m [34mINFO[0m [1mНовых концертов не найдено[0m
[32m19.12 23:23:02.41[0m [34mINFO[0m [1mПолучаю новые концерты[0m
[32m19.12 23:23:03.00[0m [34mINFO[0m [1mНовых концертов не найдено[0m
[32m19.12 23:24:02.99[0m [34mINFO[0m [1mПолучаю новые концерты[0m
[32m19.12 23:24:03.67[0m [34mINFO[0m [1mНовых концертов не найдено[0m
[32m19.12 23:25:03.67[0m [34mINFO[0m [1mПолучаю новые концерты[0m
[32m19.12 23:25:04.39[0m [34mINFO[0m [1mНовых концертов не найдено[0m
[32m19.12 23:26:04.41[0m [34mINFO[0m [1mПолучаю новые концерты[0m
[32m19.12 23:26:06.01[0m [34mINFO[0m [1mНовых концертов не найдено[0m
[32m19.12 23:27:06.03[0m [34mINFO[0m [1mПолучаю новые концерты[0m
[32m19.12 23:27:06.85[0m [34mINFO[0m [1mНовых концертов не найдено[0m
